2025-03-24 07:44:41,629 [INFO] Naèteno 29 URL ze souboru C:\pv\Omega\csfd_random_links.csv.
2025-03-24 07:44:41,630 [INFO] [1/29] Zpracovávám https://www.csfd.cz/film/119856-ace-of-the-law/hraji/
2025-03-24 07:44:41,982 [INFO] [2/29] Zpracovávám https://www.csfd.cz/film/141637-detektiv-conan/736064-aka-to-kuro-no-kurasshu-konsui/hraji/
2025-03-24 07:44:42,326 [INFO] [3/29] Zpracovávám https://www.csfd.cz/film/151073-prokurator-ma-slovo/604639-unter-einem-dach/hraji/
2025-03-24 07:44:42,619 [INFO] [4/29] Zpracovávám https://www.csfd.cz/film/189570-vrazedna-cisla/518378-posledni-hra/galerie/
2025-03-24 07:44:42,979 [INFO] [5/29] Zpracovávám https://www.csfd.cz/film/195891-pachinko-graffiti/hraji/
2025-03-24 07:44:43,272 [INFO] [6/29] Zpracovávám https://www.csfd.cz/film/197901-oud-en-nieuw/hraji/
2025-03-24 07:44:43,636 [INFO] [7/29] Zpracovávám https://www.csfd.cz/film/240435-martin-a-kocour/galerie/
2025-03-24 07:44:44,612 [INFO] [8/29] Zpracovávám https://www.csfd.cz/film/26146-agata/recenze/
2025-03-24 07:44:44,941 [INFO] [9/29] Zpracovávám https://www.csfd.cz/film/264296-sinverguenza/hraji/
2025-03-24 07:44:45,214 [INFO] [10/29] Zpracovávám https://www.csfd.cz/film/312329-jiri-kajinek-mirovsky-mag/recenze/
2025-03-24 07:44:45,498 [INFO] [11/29] Zpracovávám https://www.csfd.cz/film/338313-trollied/676739-episode-8/hraji/
2025-03-24 07:44:45,947 [INFO] [12/29] Zpracovávám https://www.csfd.cz/film/356575-memoires-vives/788188-episode-17/galerie/
2025-03-24 07:44:46,256 [INFO] [13/29] Zpracovávám https://www.csfd.cz/film/362526-qian-li-dan-qi-zhui-xiong/prehled/
2025-03-24 07:44:46,825 [INFO] [14/29] Zpracovávám https://www.csfd.cz/film/379710-gosgen-ein-film-uber-die-volksbewegung-gegen-atomkraftwerke/prehled/
2025-03-24 07:44:47,065 [INFO] [15/29] Zpracovávám https://www.csfd.cz/film/389818-dobra-carodejka/656424-all-in-the-family/hraji/
2025-03-24 07:44:47,438 [INFO] [16/29] Zpracovávám https://www.csfd.cz/film/398336-sadie-and-friends-5/hraji/
2025-03-24 07:44:48,089 [INFO] [17/29] Zpracovávám https://www.csfd.cz/film/441438-vrazdiace-pary/838209-katie-belflower-and-mike-simons/galerie/
2025-03-24 07:44:48,354 [INFO] [18/29] Zpracovávám https://www.csfd.cz/film/477624-the-con-job/hraji/
2025-03-24 07:44:48,646 [INFO] [19/29] Zpracovávám https://www.csfd.cz/film/515203-die-holle-von-verdun/galerie/
2025-03-24 07:44:48,904 [INFO] [20/29] Zpracovávám https://www.csfd.cz/film/524737-fort-boyard/ucinkuji/
2025-03-24 07:44:49,257 [INFO] [21/29] Zpracovávám https://www.csfd.cz/film/545869-danse-macabre/recenze/
2025-03-24 07:44:49,569 [INFO] [22/29] Zpracovávám https://www.csfd.cz/film/575079-porcelana/galerie/plakaty/
2025-03-24 07:44:49,855 [INFO] [23/29] Zpracovávám https://www.csfd.cz/film/645372-pribeh-plavca/prehled/
2025-03-24 07:44:50,245 [INFO] [24/29] Zpracovávám https://www.csfd.cz/film/646407-house-of-the-tiger-king/prehled/
2025-03-24 07:44:50,636 [INFO] [25/29] Zpracovávám https://www.csfd.cz/film/669267-paris-episoden/prehled/
2025-03-24 07:44:50,897 [INFO] [26/29] Zpracovávám https://www.csfd.cz/film/69295-zlocin-v-ulicich/590100-a-many-splendored-thing/hraji/
2025-03-24 07:44:51,279 [INFO] [27/29] Zpracovávám https://www.csfd.cz/film/744373-voice-110-kinkju-sireisicu/755544-episode-3/hraji/
2025-03-24 07:44:51,605 [INFO] [28/29] Zpracovávám https://www.csfd.cz/film/797129-space-babies/galerie/plakaty/
2025-03-24 07:44:51,901 [INFO] [29/29] Zpracovávám https://www.csfd.cz/film/829085-roboodeh-shodeh/galerie/plakaty/
2025-03-24 07:44:52,198 [INFO] Hotovo. Výsledky uloženy do C:\pv\Omega\csfd_random_details.csv.
